\BOOKMARK [0][-]{chapter.1}{Einleitung}{}% 1
\BOOKMARK [1][-]{section.1.1}{Ziele der Arbeit}{chapter.1}% 2
\BOOKMARK [1][-]{section.1.2}{Motivation}{chapter.1}% 3
\BOOKMARK [1][-]{section.1.3}{Aufbau der Arbeit}{chapter.1}% 4
\BOOKMARK [0][-]{chapter.2}{Grundlagen}{}% 5
\BOOKMARK [1][-]{section.2.1}{Besonderheiten in Java 8}{chapter.2}% 6
\BOOKMARK [2][-]{subsection.2.1.1}{Default Implementierungen}{section.2.1}% 7
\BOOKMARK [2][-]{subsection.2.1.2}{Functional Interfaces}{section.2.1}% 8
\BOOKMARK [2][-]{subsection.2.1.3}{Stream API}{section.2.1}% 9
\BOOKMARK [2][-]{subsection.2.1.4}{Lambda Ausdr\374cke}{section.2.1}% 10
\BOOKMARK [1][-]{section.2.2}{JavaFX}{chapter.2}% 11
\BOOKMARK [1][-]{section.2.3}{Die Anwendung}{chapter.2}% 12
\BOOKMARK [1][-]{section.2.4}{Codedesign-Patterns}{chapter.2}% 13
\BOOKMARK [2][-]{subsection.2.4.1}{MVC-Pattern}{section.2.4}% 14
\BOOKMARK [2][-]{subsection.2.4.2}{Command-Pattern}{section.2.4}% 15
\BOOKMARK [1][-]{section.2.5}{Gestaltungsgrundlagen}{chapter.2}% 16
\BOOKMARK [2][-]{subsection.2.5.1}{Gestaltgesetze}{section.2.5}% 17
\BOOKMARK [0][-]{chapter.3}{Implementierung}{}% 18
\BOOKMARK [1][-]{section.3.1}{Filter-Logik}{chapter.3}% 19
\BOOKMARK [1][-]{section.3.2}{DataProvider}{chapter.3}% 20
\BOOKMARK [1][-]{section.3.3}{Multi-Filter}{chapter.3}% 21
\BOOKMARK [1][-]{section.3.4}{Tabellenansicht}{chapter.3}% 22
\BOOKMARK [0][-]{chapter.4}{Analyse ausgew\344hlter Usability-Probleme}{}% 23
\BOOKMARK [1][-]{section.4.1}{Pr\344sentation 2-teiliger Texte in ListCells}{chapter.4}% 24
\BOOKMARK [1][-]{section.4.2}{Filter-Performance}{chapter.4}% 25
\BOOKMARK [1][-]{section.4.3}{"Quellcode-Usability"}{chapter.4}% 26
\BOOKMARK [0][-]{chapter.5}{Implementierung der Usability-Verbesserungen}{}% 27
\BOOKMARK [1][-]{section.5.1}{Pr\344sentation 2-teiliger Texte in ListCells}{chapter.5}% 28
\BOOKMARK [1][-]{section.5.2}{Filter-Performance}{chapter.5}% 29
\BOOKMARK [1][-]{section.5.3}{"Quellcode-Usability"}{chapter.5}% 30
\BOOKMARK [0][-]{chapter.6}{Ausblick und Fazit}{}% 31
\BOOKMARK [0][-]{chapter*.23}{Literaturverzeichnis}{}% 32
\BOOKMARK [0][-]{section*.25}{Glossar}{}% 33
